Thu Apr  3 08:27:00 UTC 2025
Thu Apr  3 12:33:56 UTC 2025
Fri Apr  4 12:33:19 UTC 2025
Sat Apr  5 12:30:04 UTC 2025
Sun Apr  6 12:30:11 UTC 2025
Mon Apr  7 12:34:56 UTC 2025
Tue Apr  8 12:34:50 UTC 2025
Wed Apr  9 12:34:45 UTC 2025
Thu Apr 10 12:34:50 UTC 2025
Fri Apr 11 12:34:04 UTC 2025
Sat Apr 12 12:30:07 UTC 2025
Sun Apr 13 12:30:55 UTC 2025
Mon Apr 14 12:34:55 UTC 2025
Tue Apr 15 12:34:20 UTC 2025
Wed Apr 16 12:34:49 UTC 2025
Thu Apr 17 12:34:00 UTC 2025
Fri Apr 18 12:32:51 UTC 2025
Sat Apr 19 12:30:14 UTC 2025
Sun Apr 20 12:30:48 UTC 2025
Mon Apr 21 12:33:50 UTC 2025
Tue Apr 22 12:34:26 UTC 2025
Wed Apr 23 12:35:03 UTC 2025
Thu Apr 24 12:35:46 UTC 2025
Fri Apr 25 12:34:38 UTC 2025
Sat Apr 26 12:30:31 UTC 2025
Sun Apr 27 12:30:58 UTC 2025
Mon Apr 28 12:37:01 UTC 2025
Tue Apr 29 12:36:54 UTC 2025
Wed Apr 30 12:34:24 UTC 2025
Thu May  1 12:33:43 UTC 2025
Fri May  2 12:34:16 UTC 2025
Sat May  3 12:31:45 UTC 2025
Sun May  4 12:31:57 UTC 2025
Mon May  5 12:35:21 UTC 2025
Tue May  6 12:36:57 UTC 2025
Wed May  7 12:37:06 UTC 2025
Thu May  8 12:35:22 UTC 2025
Fri May  9 12:34:39 UTC 2025
Sat May 10 12:31:28 UTC 2025
Sun May 11 12:31:52 UTC 2025
Mon May 12 12:36:39 UTC 2025
Tue May 13 12:36:48 UTC 2025
Wed May 14 12:35:44 UTC 2025
Thu May 15 12:35:56 UTC 2025
Fri May 16 12:35:55 UTC 2025
Sat May 17 12:32:01 UTC 2025
Sun May 18 12:32:20 UTC 2025
Mon May 19 12:37:35 UTC 2025
Tue May 20 12:37:25 UTC 2025
Wed May 21 12:36:14 UTC 2025
Thu May 22 12:36:56 UTC 2025
Fri May 23 12:35:17 UTC 2025
Sat May 24 12:32:08 UTC 2025
Sun May 25 12:32:28 UTC 2025
Mon May 26 12:35:19 UTC 2025
Tue May 27 12:37:04 UTC 2025
Wed May 28 12:36:57 UTC 2025
Thu May 29 12:36:03 UTC 2025
Fri May 30 12:35:58 UTC 2025
Sat May 31 12:32:56 UTC 2025
Sun Jun  1 12:33:29 UTC 2025
Mon Jun  2 12:37:00 UTC 2025
Tue Jun  3 12:37:16 UTC 2025
Wed Jun  4 12:37:18 UTC 2025
Thu Jun  5 12:37:07 UTC 2025
Fri Jun  6 12:35:55 UTC 2025
Sat Jun  7 12:33:04 UTC 2025
Sun Jun  8 12:32:54 UTC 2025
Mon Jun  9 12:37:08 UTC 2025
Tue Jun 10 12:37:38 UTC 2025
Wed Jun 11 12:37:31 UTC 2025
Thu Jun 12 12:36:41 UTC 2025
Fri Jun 13 12:36:37 UTC 2025
Sat Jun 14 12:33:08 UTC 2025
Sun Jun 15 12:33:44 UTC 2025
Mon Jun 16 12:37:56 UTC 2025
Tue Jun 17 12:38:00 UTC 2025
Wed Jun 18 12:37:49 UTC 2025
Thu Jun 19 12:37:13 UTC 2025
Fri Jun 20 12:37:07 UTC 2025
Sat Jun 21 12:33:33 UTC 2025
Sun Jun 22 12:33:28 UTC 2025
Mon Jun 23 12:38:36 UTC 2025
Tue Jun 24 12:37:42 UTC 2025
Wed Jun 25 12:37:56 UTC 2025
Thu Jun 26 12:37:36 UTC 2025
Fri Jun 27 12:36:36 UTC 2025
Sat Jun 28 12:33:37 UTC 2025
Sun Jun 29 12:34:21 UTC 2025
Mon Jun 30 12:37:32 UTC 2025
Tue Jul  1 12:37:47 UTC 2025
Wed Jul  2 12:37:22 UTC 2025
Thu Jul  3 12:37:15 UTC 2025
Fri Jul  4 12:36:39 UTC 2025
Sat Jul  5 12:33:48 UTC 2025
Sun Jul  6 12:34:20 UTC 2025
Mon Jul  7 12:37:52 UTC 2025
Tue Jul  8 12:38:14 UTC 2025
Wed Jul  9 12:38:07 UTC 2025
Thu Jul 10 12:38:38 UTC 2025
Fri Jul 11 12:37:06 UTC 2025
Sat Jul 12 12:34:40 UTC 2025
Sun Jul 13 12:34:58 UTC 2025
Mon Jul 14 12:39:16 UTC 2025
Tue Jul 15 12:39:26 UTC 2025
Wed Jul 16 12:40:05 UTC 2025
Thu Jul 17 12:39:10 UTC 2025
Fri Jul 18 12:39:07 UTC 2025
Sat Jul 19 12:35:42 UTC 2025
Sun Jul 20 12:35:51 UTC 2025
